{
  "RSpec": {
    "coverage": {
      "/Users/andrewkemp/projects/week10/bank/spec/bank_spec.rb": [
        1,
        null,
        1,
        null,
        6,
        6,
        6,
        2,
        null,
        6,
        null,
        1,
        1,
        4,
        null,
        null,
        1,
        1,
        1,
        null,
        null,
        null,
        1,
        1,
        2,
        null,
        null,
        null,
        1,
        1,
        1,
        2,
        null,
        1,
        1,
        2,
        null,
        null,
        null,
        null,
        1,
        1,
        1,
        1,
        2,
        null,
        null,
        null
      ],
      "/Users/andrewkemp/projects/week10/bank/lib/bank.rb": [
        1,
        1,
        1,
        null,
        1,
        1,
        null,
        1,
        null,
        1,
        5,
        5,
        5,
        5,
        null,
        null,
        1,
        3,
        3,
        null,
        null,
        1,
        2,
        1,
        1,
        null,
        null,
        1,
        1,
        null,
        null,
        1,
        null,
        1,
        0,
        0,
        null,
        null,
        1,
        2,
        null,
        null
      ],
      "/Users/andrewkemp/projects/week10/bank/lib/transaction.rb": [
        1,
        1,
        null,
        1,
        4,
        4,
        4,
        4,
        null,
        null,
        1,
        1,
        null,
        null,
        1,
        1,
        null,
        null,
        1,
        1,
        null,
        null,
        1,
        null,
        1,
        null,
        1,
        3,
        null,
        null
      ],
      "/Users/andrewkemp/projects/week10/bank/lib/transaction_log.rb": [
        1,
        1,
        null,
        1,
        2,
        null,
        null,
        1,
        1,
        null,
        null
      ],
      "/Users/andrewkemp/projects/week10/bank/lib/statement.rb": [
        1,
        null,
        1,
        1,
        null,
        1,
        1,
        1,
        null,
        null,
        1,
        1,
        1,
        1,
        null,
        null,
        1,
        null,
        1,
        1,
        null,
        null,
        1,
        2,
        null,
        null
      ],
      "/Users/andrewkemp/projects/week10/bank/spec/statement_spec.rb": [
        1,
        null,
        1,
        1,
        null,
        1,
        1,
        1,
        1,
        1,
        1,
        1,
        1,
        null,
        null,
        null
      ],
      "/Users/andrewkemp/projects/week10/bank/spec/transaction_log_spec.rb": [
        1,
        null,
        1,
        3,
        2,
        null,
        1,
        1,
        null,
        null,
        1,
        1,
        1,
        1,
        null,
        null,
        null
      ],
      "/Users/andrewkemp/projects/week10/bank/spec/transaction_spec.rb": [
        1,
        null,
        1,
        4,
        2,
        null,
        1,
        1,
        null,
        null,
        1,
        1,
        null,
        null,
        1,
        1,
        null,
        null,
        1,
        1,
        1,
        null,
        null
      ]
    },
    "timestamp": 1527196062
  }
}
